STAR version=2.7.3a
STAR compilation time,server,dir=<not set in Debian>
##### Command Line:
STAR --runMode genomeGenerate --runThreadN 15 --genomeDir /cndd3/dburrows/DATA/annotations/genome/grcm38.p3/STAR_genome --genomeFastaFiles /cndd3/dburrows/DATA/annotations/genome/grcm38.p3/GRCm38.p3.genome.fa --sjdbGTFfile /cndd3/dburrows/DATA/annotations/genome/grcm38.p3/gencode.vM3.chr_patch_hapl_scaff.annotation.gtf --sjdbOverhang 50
##### Initial USER parameters from Command Line:
###### All USER parameters from Command Line:
runMode                       genomeGenerate     ~RE-DEFINED
runThreadN                    15     ~RE-DEFINED
genomeDir                     /cndd3/dburrows/DATA/annotations/genome/grcm38.p3/STAR_genome     ~RE-DEFINED
genomeFastaFiles              /cndd3/dburrows/DATA/annotations/genome/grcm38.p3/GRCm38.p3.genome.fa        ~RE-DEFINED
sjdbGTFfile                   /cndd3/dburrows/DATA/annotations/genome/grcm38.p3/gencode.vM3.chr_patch_hapl_scaff.annotation.gtf     ~RE-DEFINED
sjdbOverhang                  50     ~RE-DEFINED
##### Finished reading parameters from all sources

##### Final user re-defined parameters-----------------:
runMode                           genomeGenerate
runThreadN                        15
genomeDir                         /cndd3/dburrows/DATA/annotations/genome/grcm38.p3/STAR_genome
genomeFastaFiles                  /cndd3/dburrows/DATA/annotations/genome/grcm38.p3/GRCm38.p3.genome.fa   
sjdbGTFfile                       /cndd3/dburrows/DATA/annotations/genome/grcm38.p3/gencode.vM3.chr_patch_hapl_scaff.annotation.gtf
sjdbOverhang                      50

-------------------------------
##### Final effective command line:
STAR   --runMode genomeGenerate   --runThreadN 15   --genomeDir /cndd3/dburrows/DATA/annotations/genome/grcm38.p3/STAR_genome   --genomeFastaFiles /cndd3/dburrows/DATA/annotations/genome/grcm38.p3/GRCm38.p3.genome.fa      --sjdbGTFfile /cndd3/dburrows/DATA/annotations/genome/grcm38.p3/gencode.vM3.chr_patch_hapl_scaff.annotation.gtf   --sjdbOverhang 50
----------------------------------------

Finished loading and checking parameters
Feb 12 15:31:56 ... starting to generate Genome files
/cndd3/dburrows/DATA/annotations/genome/grcm38.p3/GRCm38.p3.genome.fa : chr # 0  "chr1" chrStart: 0
/cndd3/dburrows/DATA/annotations/genome/grcm38.p3/GRCm38.p3.genome.fa : chr # 1  "chr2" chrStart: 195559424
/cndd3/dburrows/DATA/annotations/genome/grcm38.p3/GRCm38.p3.genome.fa : chr # 2  "chr3" chrStart: 377749504
/cndd3/dburrows/DATA/annotations/genome/grcm38.p3/GRCm38.p3.genome.fa : chr # 3  "chr4" chrStart: 537919488
/cndd3/dburrows/DATA/annotations/genome/grcm38.p3/GRCm38.p3.genome.fa : chr # 4  "chr5" chrStart: 694681600
/cndd3/dburrows/DATA/annotations/genome/grcm38.p3/GRCm38.p3.genome.fa : chr # 5  "chr6" chrStart: 846725120
/cndd3/dburrows/DATA/annotations/genome/grcm38.p3/GRCm38.p3.genome.fa : chr # 6  "chr7" chrStart: 996671488
/cndd3/dburrows/DATA/annotations/genome/grcm38.p3/GRCm38.p3.genome.fa : chr # 7  "chr8" chrStart: 1142161408
/cndd3/dburrows/DATA/annotations/genome/grcm38.p3/GRCm38.p3.genome.fa : chr # 8  "chr9" chrStart: 1271660544
/cndd3/dburrows/DATA/annotations/genome/grcm38.p3/GRCm38.p3.genome.fa : chr # 9  "chr10" chrStart: 1396441088
/cndd3/dburrows/DATA/annotations/genome/grcm38.p3/GRCm38.p3.genome.fa : chr # 10  "chr11" chrStart: 1527250944
/cndd3/dburrows/DATA/annotations/genome/grcm38.p3/GRCm38.p3.genome.fa : chr # 11  "chr12" chrStart: 1649410048
/cndd3/dburrows/DATA/annotations/genome/grcm38.p3/GRCm38.p3.genome.fa : chr # 12  "chr13" chrStart: 1769734144
/cndd3/dburrows/DATA/annotations/genome/grcm38.p3/GRCm38.p3.genome.fa : chr # 13  "chr14" chrStart: 1890320384
/cndd3/dburrows/DATA/annotations/genome/grcm38.p3/GRCm38.p3.genome.fa : chr # 14  "chr15" chrStart: 2015363072
/cndd3/dburrows/DATA/annotations/genome/grcm38.p3/GRCm38.p3.genome.fa : chr # 15  "chr16" chrStart: 2119434240
/cndd3/dburrows/DATA/annotations/genome/grcm38.p3/GRCm38.p3.genome.fa : chr # 16  "chr17" chrStart: 2217738240
/cndd3/dburrows/DATA/annotations/genome/grcm38.p3/GRCm38.p3.genome.fa : chr # 17  "chr18" chrStart: 2312896512
/cndd3/dburrows/DATA/annotations/genome/grcm38.p3/GRCm38.p3.genome.fa : chr # 18  "chr19" chrStart: 2403860480
/cndd3/dburrows/DATA/annotations/genome/grcm38.p3/GRCm38.p3.genome.fa : chr # 19  "chrX" chrStart: 2465464320
/cndd3/dburrows/DATA/annotations/genome/grcm38.p3/GRCm38.p3.genome.fa : chr # 20  "chrY" chrStart: 2636644352
/cndd3/dburrows/DATA/annotations/genome/grcm38.p3/GRCm38.p3.genome.fa : chr # 21  "chrM" chrStart: 2728394752
/cndd3/dburrows/DATA/annotations/genome/grcm38.p3/GRCm38.p3.genome.fa : chr # 22  "KB469738.1" chrStart: 2728656896
/cndd3/dburrows/DATA/annotations/genome/grcm38.p3/GRCm38.p3.genome.fa : chr # 23  "JH792830.1" chrStart: 2728919040
/cndd3/dburrows/DATA/annotations/genome/grcm38.p3/GRCm38.p3.genome.fa : chr # 24  "KB469739.1" chrStart: 2729181184
/cndd3/dburrows/DATA/annotations/genome/grcm38.p3/GRCm38.p3.genome.fa : chr # 25  "KB469741.1" chrStart: 2729705472
/cndd3/dburrows/DATA/annotations/genome/grcm38.p3/GRCm38.p3.genome.fa : chr # 26  "JH792829.1" chrStart: 2730229760
/cndd3/dburrows/DATA/annotations/genome/grcm38.p3/GRCm38.p3.genome.fa : chr # 27  "JH792826.1" chrStart: 2730754048
/cndd3/dburrows/DATA/annotations/genome/grcm38.p3/GRCm38.p3.genome.fa : chr # 28  "JH792828.1" chrStart: 2731278336
/cndd3/dburrows/DATA/annotations/genome/grcm38.p3/GRCm38.p3.genome.fa : chr # 29  "KB469740.1" chrStart: 2731802624
/cndd3/dburrows/DATA/annotations/genome/grcm38.p3/GRCm38.p3.genome.fa : chr # 30  "JH792832.1" chrStart: 2732326912
/cndd3/dburrows/DATA/annotations/genome/grcm38.p3/GRCm38.p3.genome.fa : chr # 31  "JH792833.1" chrStart: 2733113344
/cndd3/dburrows/DATA/annotations/genome/grcm38.p3/GRCm38.p3.genome.fa : chr # 32  "JH792827.1" chrStart: 2733375488
/cndd3/dburrows/DATA/annotations/genome/grcm38.p3/GRCm38.p3.genome.fa : chr # 33  "JH792834.1" chrStart: 2733637632
/cndd3/dburrows/DATA/annotations/genome/grcm38.p3/GRCm38.p3.genome.fa : chr # 34  "JH792831.1" chrStart: 2734161920
/cndd3/dburrows/DATA/annotations/genome/grcm38.p3/GRCm38.p3.genome.fa : chr # 35  "KB469742.1" chrStart: 2734424064
/cndd3/dburrows/DATA/annotations/genome/grcm38.p3/GRCm38.p3.genome.fa : chr # 36  "GL456210.1" chrStart: 2735734784
/cndd3/dburrows/DATA/annotations/genome/grcm38.p3/GRCm38.p3.genome.fa : chr # 37  "GL456211.1" chrStart: 2735996928
/cndd3/dburrows/DATA/annotations/genome/grcm38.p3/GRCm38.p3.genome.fa : chr # 38  "GL456212.1" chrStart: 2736259072
/cndd3/dburrows/DATA/annotations/genome/grcm38.p3/GRCm38.p3.genome.fa : chr # 39  "GL456213.1" chrStart: 2736521216
/cndd3/dburrows/DATA/annotations/genome/grcm38.p3/GRCm38.p3.genome.fa : chr # 40  "GL456216.1" chrStart: 2736783360
/cndd3/dburrows/DATA/annotations/genome/grcm38.p3/GRCm38.p3.genome.fa : chr # 41  "GL456219.1" chrStart: 2737045504
/cndd3/dburrows/DATA/annotations/genome/grcm38.p3/GRCm38.p3.genome.fa : chr # 42  "GL456221.1" chrStart: 2737307648
/cndd3/dburrows/DATA/annotations/genome/grcm38.p3/GRCm38.p3.genome.fa : chr # 43  "GL456233.1" chrStart: 2737569792
/cndd3/dburrows/DATA/annotations/genome/grcm38.p3/GRCm38.p3.genome.fa : chr # 44  "GL456239.1" chrStart: 2738094080
/cndd3/dburrows/DATA/annotations/genome/grcm38.p3/GRCm38.p3.genome.fa : chr # 45  "GL456350.1" chrStart: 2738356224
/cndd3/dburrows/DATA/annotations/genome/grcm38.p3/GRCm38.p3.genome.fa : chr # 46  "GL456354.1" chrStart: 2738618368
/cndd3/dburrows/DATA/annotations/genome/grcm38.p3/GRCm38.p3.genome.fa : chr # 47  "GL456359.1" chrStart: 2738880512
/cndd3/dburrows/DATA/annotations/genome/grcm38.p3/GRCm38.p3.genome.fa : chr # 48  "GL456360.1" chrStart: 2739142656
/cndd3/dburrows/DATA/annotations/genome/grcm38.p3/GRCm38.p3.genome.fa : chr # 49  "GL456366.1" chrStart: 2739404800
/cndd3/dburrows/DATA/annotations/genome/grcm38.p3/GRCm38.p3.genome.fa : chr # 50  "GL456367.1" chrStart: 2739666944
/cndd3/dburrows/DATA/annotations/genome/grcm38.p3/GRCm38.p3.genome.fa : chr # 51  "GL456368.1" chrStart: 2739929088
/cndd3/dburrows/DATA/annotations/genome/grcm38.p3/GRCm38.p3.genome.fa : chr # 52  "GL456370.1" chrStart: 2740191232
/cndd3/dburrows/DATA/annotations/genome/grcm38.p3/GRCm38.p3.genome.fa : chr # 53  "GL456372.1" chrStart: 2740453376
/cndd3/dburrows/DATA/annotations/genome/grcm38.p3/GRCm38.p3.genome.fa : chr # 54  "GL456378.1" chrStart: 2740715520
/cndd3/dburrows/DATA/annotations/genome/grcm38.p3/GRCm38.p3.genome.fa : chr # 55  "GL456379.1" chrStart: 2740977664
/cndd3/dburrows/DATA/annotations/genome/grcm38.p3/GRCm38.p3.genome.fa : chr # 56  "GL456381.1" chrStart: 2741239808
/cndd3/dburrows/DATA/annotations/genome/grcm38.p3/GRCm38.p3.genome.fa : chr # 57  "GL456382.1" chrStart: 2741501952
/cndd3/dburrows/DATA/annotations/genome/grcm38.p3/GRCm38.p3.genome.fa : chr # 58  "GL456383.1" chrStart: 2741764096
/cndd3/dburrows/DATA/annotations/genome/grcm38.p3/GRCm38.p3.genome.fa : chr # 59  "GL456385.1" chrStart: 2742026240
/cndd3/dburrows/DATA/annotations/genome/grcm38.p3/GRCm38.p3.genome.fa : chr # 60  "GL456387.1" chrStart: 2742288384
/cndd3/dburrows/DATA/annotations/genome/grcm38.p3/GRCm38.p3.genome.fa : chr # 61  "GL456389.1" chrStart: 2742550528
/cndd3/dburrows/DATA/annotations/genome/grcm38.p3/GRCm38.p3.genome.fa : chr # 62  "GL456390.1" chrStart: 2742812672
/cndd3/dburrows/DATA/annotations/genome/grcm38.p3/GRCm38.p3.genome.fa : chr # 63  "GL456392.1" chrStart: 2743074816
/cndd3/dburrows/DATA/annotations/genome/grcm38.p3/GRCm38.p3.genome.fa : chr # 64  "GL456393.1" chrStart: 2743336960
/cndd3/dburrows/DATA/annotations/genome/grcm38.p3/GRCm38.p3.genome.fa : chr # 65  "GL456394.1" chrStart: 2743599104
/cndd3/dburrows/DATA/annotations/genome/grcm38.p3/GRCm38.p3.genome.fa : chr # 66  "GL456396.1" chrStart: 2743861248
/cndd3/dburrows/DATA/annotations/genome/grcm38.p3/GRCm38.p3.genome.fa : chr # 67  "JH584292.1" chrStart: 2744123392
/cndd3/dburrows/DATA/annotations/genome/grcm38.p3/GRCm38.p3.genome.fa : chr # 68  "JH584293.1" chrStart: 2744385536
/cndd3/dburrows/DATA/annotations/genome/grcm38.p3/GRCm38.p3.genome.fa : chr # 69  "JH584294.1" chrStart: 2744647680
/cndd3/dburrows/DATA/annotations/genome/grcm38.p3/GRCm38.p3.genome.fa : chr # 70  "JH584295.1" chrStart: 2744909824
/cndd3/dburrows/DATA/annotations/genome/grcm38.p3/GRCm38.p3.genome.fa : chr # 71  "JH584296.1" chrStart: 2745171968
/cndd3/dburrows/DATA/annotations/genome/grcm38.p3/GRCm38.p3.genome.fa : chr # 72  "JH584297.1" chrStart: 2745434112
/cndd3/dburrows/DATA/annotations/genome/grcm38.p3/GRCm38.p3.genome.fa : chr # 73  "JH584298.1" chrStart: 2745696256
/cndd3/dburrows/DATA/annotations/genome/grcm38.p3/GRCm38.p3.genome.fa : chr # 74  "JH584299.1" chrStart: 2745958400
/cndd3/dburrows/DATA/annotations/genome/grcm38.p3/GRCm38.p3.genome.fa : chr # 75  "JH584300.1" chrStart: 2747006976
/cndd3/dburrows/DATA/annotations/genome/grcm38.p3/GRCm38.p3.genome.fa : chr # 76  "JH584301.1" chrStart: 2747269120
/cndd3/dburrows/DATA/annotations/genome/grcm38.p3/GRCm38.p3.genome.fa : chr # 77  "JH584302.1" chrStart: 2747531264
/cndd3/dburrows/DATA/annotations/genome/grcm38.p3/GRCm38.p3.genome.fa : chr # 78  "JH584303.1" chrStart: 2747793408
/cndd3/dburrows/DATA/annotations/genome/grcm38.p3/GRCm38.p3.genome.fa : chr # 79  "JH584304.1" chrStart: 2748055552
Estimated genome size=2849317696   2748317696   101000000
GstrandBit=32
Number of SA indices: 5315685726
Feb 12 15:32:51 ... starting to sort Suffix Array. This may take a long time...
Number of chunks: 47;   chunks size limit: 1020133776 bytes
Feb 12 15:33:08 ... sorting Suffix Array chunks and saving them to disk...
Writing 764605056 bytes into /cndd3/dburrows/DATA/annotations/genome/grcm38.p3/STAR_genome/SA_6 ; empty space on disk = 28140016500736 bytes ... done
Writing 828571528 bytes into /cndd3/dburrows/DATA/annotations/genome/grcm38.p3/STAR_genome/SA_7 ; empty space on disk = 28139346460672 bytes ... done
Writing 797368200 bytes into /cndd3/dburrows/DATA/annotations/genome/grcm38.p3/STAR_genome/SA_14 ; empty space on disk = 28139023499264 bytes ... done
Writing 851639448 bytes into /cndd3/dburrows/DATA/annotations/genome/grcm38.p3/STAR_genome/SA_2 ; empty space on disk = 28138907107328 bytes ... done
Writing 751156880 bytes into /cndd3/dburrows/DATA/annotations/genome/grcm38.p3/STAR_genome/SA_0 ; empty space on disk = 28138340876288 bytes ... done
Writing 845892152 bytes into /cndd3/dburrows/DATA/annotations/genome/grcm38.p3/STAR_genome/SA_3 ; empty space on disk = 28137317466112 bytes ... done
Writing 917801216 bytes into /cndd3/dburrows/DATA/annotations/genome/grcm38.p3/STAR_genome/SA_13 ; empty space on disk = 28135915520000 bytes ... done
Writing 986542008 bytes into /cndd3/dburrows/DATA/annotations/genome/grcm38.p3/STAR_genome/SA_4 ; empty space on disk = 28135195148288 bytes ... done
Writing 827654936 bytes into /cndd3/dburrows/DATA/annotations/genome/grcm38.p3/STAR_genome/SA_8 ; empty space on disk = 28134490505216 bytes ... done
Writing 805053208 bytes into /cndd3/dburrows/DATA/annotations/genome/grcm38.p3/STAR_genome/SA_11 ; empty space on disk = 28133792153600 bytes ... done
Writing 936221440 bytes into /cndd3/dburrows/DATA/annotations/genome/grcm38.p3/STAR_genome/SA_1 ; empty space on disk = 28133561466880 bytes ... done
Writing 929244280 bytes into /cndd3/dburrows/DATA/annotations/genome/grcm38.p3/STAR_genome/SA_9 ; empty space on disk = 28132136452096 bytes ... done
Writing 932197768 bytes into /cndd3/dburrows/DATA/annotations/genome/grcm38.p3/STAR_genome/SA_10 ; empty space on disk = 28131376234496 bytes ... done
Writing 1009201064 bytes into /cndd3/dburrows/DATA/annotations/genome/grcm38.p3/STAR_genome/SA_5 ; empty space on disk = 28130673688576 bytes ... done
Writing 1017002960 bytes into /cndd3/dburrows/DATA/annotations/genome/grcm38.p3/STAR_genome/SA_12 ; empty space on disk = 28130239578112 bytes ... done
Writing 964733208 bytes into /cndd3/dburrows/DATA/annotations/genome/grcm38.p3/STAR_genome/SA_15 ; empty space on disk = 28128956121088 bytes ... done
Writing 798446232 bytes into /cndd3/dburrows/DATA/annotations/genome/grcm38.p3/STAR_genome/SA_17 ; empty space on disk = 28128166543360 bytes ... done
Writing 1004978544 bytes into /cndd3/dburrows/DATA/annotations/genome/grcm38.p3/STAR_genome/SA_19 ; empty space on disk = 28127513280512 bytes ... done
Writing 1020100392 bytes into /cndd3/dburrows/DATA/annotations/genome/grcm38.p3/STAR_genome/SA_18 ; empty space on disk = 28126667079680 bytes ... done
Writing 963489128 bytes into /cndd3/dburrows/DATA/annotations/genome/grcm38.p3/STAR_genome/SA_16 ; empty space on disk = 28125964533760 bytes ... done
Writing 874650760 bytes into /cndd3/dburrows/DATA/annotations/genome/grcm38.p3/STAR_genome/SA_22 ; empty space on disk = 28125263036416 bytes ... done
Writing 865558328 bytes into /cndd3/dburrows/DATA/annotations/genome/grcm38.p3/STAR_genome/SA_24 ; empty space on disk = 28124561539072 bytes ... done
Writing 918254880 bytes into /cndd3/dburrows/DATA/annotations/genome/grcm38.p3/STAR_genome/SA_26 ; empty space on disk = 28123498283008 bytes ...Writing 954627136 bytes into /cndd3/dburrows/DATA/annotations/genome/grcm38.p3/STAR_genome/SA_23 ; empty space on disk = 28123498283008 bytes ... done
 done
Writing 975699352 bytes into /cndd3/dburrows/DATA/annotations/genome/grcm38.p3/STAR_genome/SA_29 ; empty space on disk = 28121858310144 bytes ... done
Writing 936242216 bytes into /cndd3/dburrows/DATA/annotations/genome/grcm38.p3/STAR_genome/SA_21 ; empty space on disk = 28121711509504 bytes ... done
Writing 967308288 bytes into /cndd3/dburrows/DATA/annotations/genome/grcm38.p3/STAR_genome/SA_27 ; empty space on disk = 28120454266880 bytes ... done
Writing 994359336 bytes into /cndd3/dburrows/DATA/annotations/genome/grcm38.p3/STAR_genome/SA_20 ; empty space on disk = 28120138645504 bytes ... done
Writing 1006328048 bytes into /cndd3/dburrows/DATA/annotations/genome/grcm38.p3/STAR_genome/SA_25 ; empty space on disk = 28118662250496 bytes ... done
Writing 1020077960 bytes into /cndd3/dburrows/DATA/annotations/genome/grcm38.p3/STAR_genome/SA_28 ; empty space on disk = 28118076096512 bytes ... done
Writing 882305424 bytes into /cndd3/dburrows/DATA/annotations/genome/grcm38.p3/STAR_genome/SA_30 ; empty space on disk = 28117004451840 bytes ... done
Writing 861902320 bytes into /cndd3/dburrows/DATA/annotations/genome/grcm38.p3/STAR_genome/SA_34 ; empty space on disk = 28116281982976 bytes ... done
Writing 884095688 bytes into /cndd3/dburrows/DATA/annotations/genome/grcm38.p3/STAR_genome/SA_32 ; empty space on disk = 28115580485632 bytes ... done
Writing 891294800 bytes into /cndd3/dburrows/DATA/annotations/genome/grcm38.p3/STAR_genome/SA_31 ; empty space on disk = 28114878988288 bytes ... done
Writing 858250976 bytes into /cndd3/dburrows/DATA/annotations/genome/grcm38.p3/STAR_genome/SA_38 ; empty space on disk = 28114124013568 bytes ... done
Writing 764120104 bytes into /cndd3/dburrows/DATA/annotations/genome/grcm38.p3/STAR_genome/SA_43 ; empty space on disk = 28113862918144 bytes ... done
Writing 819268200 bytes into /cndd3/dburrows/DATA/annotations/genome/grcm38.p3/STAR_genome/SA_42 ; empty space on disk = 28113422516224 bytes ...Writing 891010864 bytes into /cndd3/dburrows/DATA/annotations/genome/grcm38.p3/STAR_genome/SA_41 ; empty space on disk = 28113422516224 bytes ... done
 done
Writing 1005669240 bytes into /cndd3/dburrows/DATA/annotations/genome/grcm38.p3/STAR_genome/SA_33 ; empty space on disk = 28111874818048 bytes ... done
Writing 815314272 bytes into /cndd3/dburrows/DATA/annotations/genome/grcm38.p3/STAR_genome/SA_36 ; empty space on disk = 28110575632384 bytes ...Writing 843093304 bytes into /cndd3/dburrows/DATA/annotations/genome/grcm38.p3/STAR_genome/SA_35 ; empty space on disk = 28110575632384 bytes ... done
 done
Writing 996348416 bytes into /cndd3/dburrows/DATA/annotations/genome/grcm38.p3/STAR_genome/SA_40 ; empty space on disk = 28109873086464 bytes ... done
Writing 1007619392 bytes into /cndd3/dburrows/DATA/annotations/genome/grcm38.p3/STAR_genome/SA_39 ; empty space on disk = 28108402982912 bytes ... done
Writing 902451280 bytes into /cndd3/dburrows/DATA/annotations/genome/grcm38.p3/STAR_genome/SA_44 ; empty space on disk = 28107701485568 bytes ... done
Writing 971845656 bytes into /cndd3/dburrows/DATA/annotations/genome/grcm38.p3/STAR_genome/SA_37 ; empty space on disk = 28106818584576 bytes ... done
Writing 863230960 bytes into /cndd3/dburrows/DATA/annotations/genome/grcm38.p3/STAR_genome/SA_45 ; empty space on disk = 28105783640064 bytes ... done
Writing 802658960 bytes into /cndd3/dburrows/DATA/annotations/genome/grcm38.p3/STAR_genome/SA_46 ; empty space on disk = 28105049636864 bytes ... done
Feb 12 15:47:35 ... loading chunks from disk, packing SA...
Feb 12 15:49:47 ... finished generating suffix array
Feb 12 15:49:47 ... generating Suffix Array index
Feb 12 15:53:31 ... completed Suffix Array index
Feb 12 15:53:31 ..... processing annotations GTF
Processing pGe.sjdbGTFfile=/cndd3/dburrows/DATA/annotations/genome/grcm38.p3/gencode.vM3.chr_patch_hapl_scaff.annotation.gtf, found:
		100241 transcripts
		653414 exons (non-collapsed)
		248076 collapsed junctions
Feb 12 15:53:37 ..... finished GTF processing
Feb 12 15:53:37   Loaded database junctions from the GTF file: /cndd3/dburrows/DATA/annotations/genome/grcm38.p3/gencode.vM3.chr_patch_hapl_scaff.annotation.gtf: 248076 total junctions

WARNING: long repeat for junction # 75359 : chr5 112774527 112775017; left shift = 255; right shift = 69
WARNING: long repeat for junction # 111961 : chr7 141808196 141810304; left shift = 255; right shift = 255
Feb 12 15:53:38   Finished preparing junctions
Feb 12 15:53:38 ..... inserting junctions into the genome indices
Feb 12 15:53:56   Finished SA search: number of new junctions=247992, old junctions=0
Feb 12 15:54:15   Finished sorting SA indicesL nInd=49598342
Genome size with junctions=2773364888  2748317696   25047192
GstrandBit1=32   GstrandBit=32
Feb 12 15:55:13   Finished inserting junction indices
Feb 12 15:55:28   Finished SAi
Feb 12 15:55:28 ..... finished inserting junctions into genome
Feb 12 15:55:28 ... writing Genome to disk ...
Writing 2773364888 bytes into /cndd3/dburrows/DATA/annotations/genome/grcm38.p3/STAR_genome/Genome ; empty space on disk = 28202080665600 bytes ... done
SA size in bytes: 22131796784
Feb 12 15:55:32 ... writing Suffix Array to disk ...
Writing 22131796784 bytes into /cndd3/dburrows/DATA/annotations/genome/grcm38.p3/STAR_genome/SA ; empty space on disk = 28200671379456 bytes ... done
Feb 12 15:56:19 ... writing SAindex to disk
Writing 8 bytes into /cndd3/dburrows/DATA/annotations/genome/grcm38.p3/STAR_genome/SAindex ; empty space on disk = 28178604097536 bytes ... done
Writing 120 bytes into /cndd3/dburrows/DATA/annotations/genome/grcm38.p3/STAR_genome/SAindex ; empty space on disk = 28178604097536 bytes ... done
Writing 1565873491 bytes into /cndd3/dburrows/DATA/annotations/genome/grcm38.p3/STAR_genome/SAindex ; empty space on disk = 28178604097536 bytes ... done
Feb 12 15:56:24 ..... finished successfully
DONE: Genome generation, EXITING
